<?xml version="1.0" encoding="UTF-8"?>
<testng-results ignored="0" total="1" passed="0" failed="1" skipped="0">
  <reporter-output>
  </reporter-output>
  <suite started-at="2021-06-26T13:26:27 IST" name="Default suite" finished-at="2021-06-26T13:27:44 IST" duration-ms="77139">
    <groups>
    </groups>
    <test started-at="2021-06-26T13:26:27 IST" name="Default test" finished-at="2021-06-26T13:27:44 IST" duration-ms="77139">
      <class name="test.java.com.mn.insta.test.TestDriver_ApplicationName">
        <test-method is-config="true" signature="setupSuite()[pri:0, instance:test.java.com.mn.insta.test.TestDriver_ApplicationName@1a75e76a]" started-at="2021-06-26T13:26:24 IST" name="setupSuite" finished-at="2021-06-26T13:26:27 IST" duration-ms="2660" status="PASS">
          <reporter-output>
          </reporter-output>
        </test-method> <!-- setupSuite -->
        <test-method is-config="true" signature="beforeMethod(java.lang.reflect.Method,[Ljava.lang.Object;)[pri:0, instance:test.java.com.mn.insta.test.TestDriver_ApplicationName@1a75e76a]" started-at="2021-06-26T13:26:27 IST" name="beforeMethod" finished-at="2021-06-26T13:26:30 IST" duration-ms="3579" status="PASS">
          <params>
            <param index="0">
              <value>
                <![CDATA[public void test.java.com.mn.insta.test.TestDriver_ApplicationName.TS_InstaLogin(org.xframium.device.ng.AbstractSeleniumTest$TestName,org.xframium.spi.Device) throws java.lang.Exception]]>
              </value>
            </param>
            <param index="1">
              <value>
                <![CDATA[[Ljava.lang.Object;@1440c311]]>
              </value>
            </param>
          </params>
          <reporter-output>
          </reporter-output>
        </test-method> <!-- beforeMethod -->
        <test-method signature="TS_InstaLogin(org.xframium.device.ng.AbstractSeleniumTest$TestName,org.xframium.spi.Device)[pri:0, instance:test.java.com.mn.insta.test.TestDriver_ApplicationName@1a75e76a]" started-at="2021-06-26T13:26:30 IST" name="TS_InstaLogin" data-provider="DeviceManager" finished-at="2021-06-26T13:27:42 IST" duration-ms="72136" status="FAIL">
          <params>
            <param index="0">
              <value>
                <![CDATA[chrome_TS_InstaLogin[DS_InstaLogin]-->Google Chrome [Chrome]]]>
              </value>
            </param>
            <param index="1">
              <value>
                <![CDATA[Google Chrome (Chrome)]]>
              </value>
            </param>
          </params>
          <exception class="java.lang.reflect.InvocationTargetException">
            <full-stacktrace>
              <![CDATA[java.lang.reflect.InvocationTargetException
at java.base/jdk.internal.reflect.NativeMethodAccessorImpl.invoke0(Native Method)
at java.base/jdk.internal.reflect.NativeMethodAccessorImpl.invoke(NativeMethodAccessorImpl.java:62)
at java.base/jdk.internal.reflect.DelegatingMethodAccessorImpl.invoke(DelegatingMethodAccessorImpl.java:43)
at java.base/java.lang.reflect.Method.invoke(Method.java:566)
at org.xframium.page.factory.DefaultPageFactory.invoke(DefaultPageFactory.java:157)
at com.sun.proxy.$Proxy24.LogoutInsta(Unknown Source)
at com.mn.insta.page.utility.PageImplInvoker.LogoutInsta(PageImplInvoker.java:26)
at test.java.com.mn.insta.test.TestDriver_ApplicationName.TS_InstaLogin(TestDriver_ApplicationName.java:41)
at java.base/jdk.internal.reflect.NativeMethodAccessorImpl.invoke0(Native Method)
at java.base/jdk.internal.reflect.NativeMethodAccessorImpl.invoke(NativeMethodAccessorImpl.java:62)
at java.base/jdk.internal.reflect.DelegatingMethodAccessorImpl.invoke(DelegatingMethodAccessorImpl.java:43)
at java.base/java.lang.reflect.Method.invoke(Method.java:566)
at org.testng.internal.MethodInvocationHelper.invokeMethod(MethodInvocationHelper.java:133)
at org.testng.internal.TestInvoker.invokeMethod(TestInvoker.java:598)
at org.testng.internal.TestInvoker.invokeTestMethod(TestInvoker.java:173)
at org.testng.internal.TestMethodWithDataProviderMethodWorker.call(TestMethodWithDataProviderMethodWorker.java:77)
at org.testng.internal.TestMethodWithDataProviderMethodWorker.call(TestMethodWithDataProviderMethodWorker.java:15)
at java.base/java.util.concurrent.FutureTask.run(FutureTask.java:264)
at java.base/java.util.concurrent.Executors$RunnableAdapter.call(Executors.java:515)
at java.base/java.util.concurrent.FutureTask.run(FutureTask.java:264)
at java.base/java.util.concurrent.ThreadPoolExecutor.runWorker(ThreadPoolExecutor.java:1128)
at java.base/java.util.concurrent.ThreadPoolExecutor$Worker.run(ThreadPoolExecutor.java:628)
at java.base/java.lang.Thread.run(Thread.java:834)
Caused by: invalid selector: Unable to locate an element with the xpath expression //span[@class='_2dbep qNELH']/img[@alt='manjuu_noth's profile picture'] because of the following error:
SyntaxError: Failed to execute 'evaluate' on 'Document': The string '//span[@class='_2dbep qNELH']/img[@alt='manjuu_noth's profile picture']' is not a valid XPath expression.
  (Session info: chrome=91.0.4472.114)
For documentation on this error, please visit: http://seleniumhq.org/exceptions/invalid_selector_exception.html
Build info: version: '3.7.0', revision: '2321c73', time: '2017-11-02T22:12:12.411Z'
System info: host: 'Bonjour.lan', ip: '2409:4070:4402:118c:2420:d245:b251:199a%en0', os.name: 'Mac OS X', os.arch: 'x86_64', os.version: '10.16', java.version: '11.0.11'
Driver info: driver.version: unknown
Command duration or timeout: 40 milliseconds
For documentation on this error, please visit: http://seleniumhq.org/exceptions/invalid_selector_exception.html
Build info: version: '2.53.0', revision: '35ae25b', time: '2016-03-15 17:00:58'
System info: host: 'Bonjour.lan', ip: '192.168.1.16', os.name: 'Mac OS X', os.arch: 'x86_64', os.version: '10.16', java.version: '11.0.11'
Driver info: org.openqa.selenium.remote.RemoteWebDriver
Capabilities [{networkConnectionEnabled=false, chrome={chromedriverVersion=91.0.4472.101 (af52a90bf87030dd1523486a1cd3ae25c5d76c9b-refs/branch-heads/4472@{#1462}), userDataDir=/var/folders/z2/jrrc_j3s1n3czk214nsh64tc0000gn/T/.com.google.Chrome.T4BTKl}, timeouts={implicit=0, pageLoad=300000, script=30000}, pageLoadStrategy=normal, unhandledPromptBehavior=dismiss and notify, strictFileInteractability=false, platform=ANY, proxy={}, goog:chromeOptions={debuggerAddress=localhost:60107}, acceptInsecureCerts=false, browserVersion=91.0.4472.114, browserName=chrome, platformName=mac os x, setWindowRect=true, webauthn:extension:largeBlob=true, webauthn:virtualAuthenticators=true}]
Session ID: a03982b2f4af62fc6efdb7b504478a5a
*** Element info: {Using=xpath, value=//span[@class='_2dbep qNELH']/img[@alt='manjuu_noth's profile picture']}
at org.xframium.page.element.AbstractElement.click(AbstractElement.java:647)
at org.xframium.page.element.AbstractElement.click(AbstractElement.java:613)
at com.mn.insta.page.functions.GenericFunctions._click(GenericFunctions.java:490)
at com.mn.insta.page.spi.LoginInstaImpl.LogoutInsta(LoginInstaImpl.java:66)
... 23 more
]]>
            </full-stacktrace>
          </exception> <!-- java.lang.reflect.InvocationTargetException -->
          <reporter-output>
          </reporter-output>
        </test-method> <!-- TS_InstaLogin -->
        <test-method is-config="true" signature="AfterMethod(java.lang.reflect.Method,org.testng.ITestResult)[pri:0, instance:test.java.com.mn.insta.test.TestDriver_ApplicationName@1a75e76a]" started-at="2021-06-26T13:27:42 IST" name="AfterMethod" finished-at="2021-06-26T13:27:42 IST" duration-ms="61" status="PASS">
          <params>
            <param index="0">
              <value>
                <![CDATA[public void test.java.com.mn.insta.test.TestDriver_ApplicationName.TS_InstaLogin(org.xframium.device.ng.AbstractSeleniumTest$TestName,org.xframium.spi.Device) throws java.lang.Exception]]>
              </value>
            </param>
            <param index="1">
              <value>
                <![CDATA[[TestResult name=TS_InstaLogin status=FAILURE method=TestDriver_ApplicationName.TS_InstaLogin(org.xframium.device.ng.AbstractSeleniumTest$TestName,org.xframium.spi.Device)[pri:0, instance:test.java.com.mn.insta.test.TestDriver_ApplicationName@1a75e76a] output={null}]]]>
              </value>
            </param>
          </params>
          <reporter-output>
          </reporter-output>
        </test-method> <!-- AfterMethod -->
        <test-method is-config="true" signature="afterMethod(java.lang.reflect.Method,[Ljava.lang.Object;,org.testng.ITestResult)[pri:0, instance:test.java.com.mn.insta.test.TestDriver_ApplicationName@1a75e76a]" started-at="2021-06-26T13:27:42 IST" name="afterMethod" finished-at="2021-06-26T13:27:44 IST" duration-ms="1289" status="PASS">
          <params>
            <param index="0">
              <value>
                <![CDATA[public void test.java.com.mn.insta.test.TestDriver_ApplicationName.TS_InstaLogin(org.xframium.device.ng.AbstractSeleniumTest$TestName,org.xframium.spi.Device) throws java.lang.Exception]]>
              </value>
            </param>
            <param index="1">
              <value>
                <![CDATA[[Ljava.lang.Object;@1440c311]]>
              </value>
            </param>
            <param index="2">
              <value>
                <![CDATA[[TestResult name=TS_InstaLogin status=FAILURE method=TestDriver_ApplicationName.TS_InstaLogin(org.xframium.device.ng.AbstractSeleniumTest$TestName,org.xframium.spi.Device)[pri:0, instance:test.java.com.mn.insta.test.TestDriver_ApplicationName@1a75e76a] output={null}]]]>
              </value>
            </param>
          </params>
          <reporter-output>
          </reporter-output>
        </test-method> <!-- afterMethod -->
        <test-method is-config="true" signature="cleanupSuite()[pri:0, instance:test.java.com.mn.insta.test.TestDriver_ApplicationName@1a75e76a]" started-at="2021-06-26T13:27:44 IST" name="cleanupSuite" finished-at="2021-06-26T13:27:44 IST" duration-ms="654" status="PASS">
          <reporter-output>
          </reporter-output>
        </test-method> <!-- cleanupSuite -->
      </class> <!-- test.java.com.mn.insta.test.TestDriver_ApplicationName -->
    </test> <!-- Default test -->
  </suite> <!-- Default suite -->
</testng-results>
